#-----------------------------------------------------------
# Vivado v2020.2 (64-bit)
# SW Build 3064766 on Wed Nov 18 09:12:45 MST 2020
# IP Build 3064653 on Wed Nov 18 14:17:31 MST 2020
# Start of session at: Thu May 27 23:41:58 2021
# Process ID: 14032
# Current directory: C:/Users/julix/git/DDCA/lab_8/lab8_student_vivado/lab8_student_vivado/lab8
# Command line: vivado.exe -gui_launcher_event rodinguilauncherevent15972 C:\Users\julix\git\DDCA\lab_8\lab8_student_vivado\lab8_student_vivado\lab8\lab8.xpr
# Log file: C:/Users/julix/git/DDCA/lab_8/lab8_student_vivado/lab8_student_vivado/lab8/vivado.log
# Journal file: C:/Users/julix/git/DDCA/lab_8/lab8_student_vivado/lab8_student_vivado/lab8\vivado.jou
#-----------------------------------------------------------
start_gui
open_project C:/Users/julix/git/DDCA/lab_8/lab8_student_vivado/lab8_student_vivado/lab8/lab8.xpr
INFO: [Project 1-313] Project file moved from '/home/husker/temp/lab8_student_vivado/lab8' since last save.
WARNING: [filemgmt 56-2] IPUserFilesDir: Could not find the directory 'C:/Users/julix/git/DDCA/lab_8/lab8_student_vivado/lab8_student_vivado/lab8/lab8.ip_user_files', nor could it be found using path 'C:/home/husker/temp/lab8_student_vivado/lab8/lab8.ip_user_files'.
Scanning sources...
Finished scanning sources
INFO: [Project 1-230] Project 'lab8.xpr' upgraded for this version of Vivado.
INFO: [IP_Flow 19-234] Refreshing IP repositories
INFO: [IP_Flow 19-1704] No user IP repositories specified
INFO: [IP_Flow 19-2313] Loaded Vivado IP repository 'D:/Xilinx/Vivado/2020.2/data/ip'.
open_project: Time (s): cpu = 00:00:17 ; elapsed = 00:00:07 . Memory (MB): peak = 1015.914 ; gain = 0.000
update_compile_order -fileset sources_1
WARNING: [filemgmt 56-199] Attempt to get parsing info during refresh. "On-the-fly" syntax checking information may be incorrect. [C:\Users\julix\git\DDCA\lab_8\lab8_student_vivado\lab8_student_vivado\DataMemory.v:]
WARNING: [filemgmt 56-199] Attempt to get parsing info during refresh. "On-the-fly" syntax checking information may be incorrect. [C:\Users\julix\git\DDCA\lab_8\lab8_student_vivado\lab8_student_vivado\ALU.v:]
WARNING: [filemgmt 56-199] Attempt to get parsing info during refresh. "On-the-fly" syntax checking information may be incorrect. [C:\Users\julix\git\DDCA\lab_8\lab8_student_vivado\lab8_student_vivado\ControlUnit.v:]
WARNING: [filemgmt 56-199] Attempt to get parsing info during refresh. "On-the-fly" syntax checking information may be incorrect. [C:\Users\julix\git\DDCA\lab_8\lab8_student_vivado\lab8_student_vivado\InstructionMemory.v:]
WARNING: [filemgmt 56-199] Attempt to get parsing info during refresh. "On-the-fly" syntax checking information may be incorrect. [C:\Users\julix\git\DDCA\lab_8\lab8_student_vivado\lab8_student_vivado\MIPS.v:]
WARNING: [filemgmt 56-199] Attempt to get parsing info during refresh. "On-the-fly" syntax checking information may be incorrect. [C:\Users\julix\git\DDCA\lab_8\lab8_student_vivado\lab8_student_vivado\DataMemory.v:]
WARNING: [filemgmt 56-199] Attempt to get parsing info during refresh. "On-the-fly" syntax checking information may be incorrect. [C:\Users\julix\git\DDCA\lab_8\lab8_student_vivado\lab8_student_vivado\ALU.v:]
WARNING: [filemgmt 56-199] Attempt to get parsing info during refresh. "On-the-fly" syntax checking information may be incorrect. [C:\Users\julix\git\DDCA\lab_8\lab8_student_vivado\lab8_student_vivado\ControlUnit.v:]
WARNING: [filemgmt 56-199] Attempt to get parsing info during refresh. "On-the-fly" syntax checking information may be incorrect. [C:\Users\julix\git\DDCA\lab_8\lab8_student_vivado\lab8_student_vivado\InstructionMemory.v:]
WARNING: [filemgmt 56-199] Attempt to get parsing info during refresh. "On-the-fly" syntax checking information may be incorrect. [C:\Users\julix\git\DDCA\lab_8\lab8_student_vivado\lab8_student_vivado\MIPS.v:]
ERROR: [Common 17-180] Spawn failed: No error
WARNING: [filemgmt 56-199] Attempt to get parsing info during refresh. "On-the-fly" syntax checking information may be incorrect. [C:\Users\julix\git\DDCA\lab_8\lab8_student_vivado\lab8_student_vivado\DataMemory.v:]
WARNING: [filemgmt 56-199] Attempt to get parsing info during refresh. "On-the-fly" syntax checking information may be incorrect. [C:\Users\julix\git\DDCA\lab_8\lab8_student_vivado\lab8_student_vivado\ALU.v:]
WARNING: [filemgmt 56-199] Attempt to get parsing info during refresh. "On-the-fly" syntax checking information may be incorrect. [C:\Users\julix\git\DDCA\lab_8\lab8_student_vivado\lab8_student_vivado\ControlUnit.v:]
WARNING: [filemgmt 56-199] Attempt to get parsing info during refresh. "On-the-fly" syntax checking information may be incorrect. [C:\Users\julix\git\DDCA\lab_8\lab8_student_vivado\lab8_student_vivado\InstructionMemory.v:]
WARNING: [filemgmt 56-199] Attempt to get parsing info during refresh. "On-the-fly" syntax checking information may be incorrect. [C:\Users\julix\git\DDCA\lab_8\lab8_student_vivado\lab8_student_vivado\MIPS.v:]
WARNING: [filemgmt 56-199] Attempt to get parsing info during refresh. "On-the-fly" syntax checking information may be incorrect. [C:\Users\julix\git\DDCA\lab_8\lab8_student_vivado\lab8_student_vivado\DataMemory.v:]
WARNING: [filemgmt 56-199] Attempt to get parsing info during refresh. "On-the-fly" syntax checking information may be incorrect. [C:\Users\julix\git\DDCA\lab_8\lab8_student_vivado\lab8_student_vivado\ALU.v:]
WARNING: [filemgmt 56-199] Attempt to get parsing info during refresh. "On-the-fly" syntax checking information may be incorrect. [C:\Users\julix\git\DDCA\lab_8\lab8_student_vivado\lab8_student_vivado\ControlUnit.v:]
WARNING: [filemgmt 56-199] Attempt to get parsing info during refresh. "On-the-fly" syntax checking information may be incorrect. [C:\Users\julix\git\DDCA\lab_8\lab8_student_vivado\lab8_student_vivado\InstructionMemory.v:]
WARNING: [filemgmt 56-199] Attempt to get parsing info during refresh. "On-the-fly" syntax checking information may be incorrect. [C:\Users\julix\git\DDCA\lab_8\lab8_student_vivado\lab8_student_vivado\MIPS.v:]
ERROR: [Common 17-180] Spawn failed: No error
WARNING: [filemgmt 56-199] Attempt to get parsing info during refresh. "On-the-fly" syntax checking information may be incorrect. [C:\Users\julix\git\DDCA\lab_8\lab8_student_vivado\lab8_student_vivado\DataMemory.v:]
WARNING: [filemgmt 56-199] Attempt to get parsing info during refresh. "On-the-fly" syntax checking information may be incorrect. [C:\Users\julix\git\DDCA\lab_8\lab8_student_vivado\lab8_student_vivado\ALU.v:]
WARNING: [filemgmt 56-199] Attempt to get parsing info during refresh. "On-the-fly" syntax checking information may be incorrect. [C:\Users\julix\git\DDCA\lab_8\lab8_student_vivado\lab8_student_vivado\ControlUnit.v:]
WARNING: [filemgmt 56-199] Attempt to get parsing info during refresh. "On-the-fly" syntax checking information may be incorrect. [C:\Users\julix\git\DDCA\lab_8\lab8_student_vivado\lab8_student_vivado\InstructionMemory.v:]
WARNING: [filemgmt 56-199] Attempt to get parsing info during refresh. "On-the-fly" syntax checking information may be incorrect. [C:\Users\julix\git\DDCA\lab_8\lab8_student_vivado\lab8_student_vivado\MIPS.v:]
ERROR: [Common 17-180] Spawn failed: No error
WARNING: [filemgmt 56-199] Attempt to get parsing info during refresh. "On-the-fly" syntax checking information may be incorrect. [C:\Users\julix\git\DDCA\lab_8\lab8_student_vivado\lab8_student_vivado\DataMemory.v:]
WARNING: [filemgmt 56-199] Attempt to get parsing info during refresh. "On-the-fly" syntax checking information may be incorrect. [C:\Users\julix\git\DDCA\lab_8\lab8_student_vivado\lab8_student_vivado\ALU.v:]
WARNING: [filemgmt 56-199] Attempt to get parsing info during refresh. "On-the-fly" syntax checking information may be incorrect. [C:\Users\julix\git\DDCA\lab_8\lab8_student_vivado\lab8_student_vivado\ControlUnit.v:]
WARNING: [filemgmt 56-199] Attempt to get parsing info during refresh. "On-the-fly" syntax checking information may be incorrect. [C:\Users\julix\git\DDCA\lab_8\lab8_student_vivado\lab8_student_vivado\InstructionMemory.v:]
WARNING: [filemgmt 56-199] Attempt to get parsing info during refresh. "On-the-fly" syntax checking information may be incorrect. [C:\Users\julix\git\DDCA\lab_8\lab8_student_vivado\lab8_student_vivado\MIPS.v:]
ERROR: [Common 17-180] Spawn failed: No error
WARNING: [filemgmt 56-199] Attempt to get parsing info during refresh. "On-the-fly" syntax checking information may be incorrect. [C:\Users\julix\git\DDCA\lab_8\lab8_student_vivado\lab8_student_vivado\DataMemory.v:]
WARNING: [filemgmt 56-199] Attempt to get parsing info during refresh. "On-the-fly" syntax checking information may be incorrect. [C:\Users\julix\git\DDCA\lab_8\lab8_student_vivado\lab8_student_vivado\ALU.v:]
WARNING: [filemgmt 56-199] Attempt to get parsing info during refresh. "On-the-fly" syntax checking information may be incorrect. [C:\Users\julix\git\DDCA\lab_8\lab8_student_vivado\lab8_student_vivado\ControlUnit.v:]
WARNING: [filemgmt 56-199] Attempt to get parsing info during refresh. "On-the-fly" syntax checking information may be incorrect. [C:\Users\julix\git\DDCA\lab_8\lab8_student_vivado\lab8_student_vivado\InstructionMemory.v:]
WARNING: [filemgmt 56-199] Attempt to get parsing info during refresh. "On-the-fly" syntax checking information may be incorrect. [C:\Users\julix\git\DDCA\lab_8\lab8_student_vivado\lab8_student_vivado\MIPS.v:]
WARNING: [filemgmt 56-199] Attempt to get parsing info during refresh. "On-the-fly" syntax checking information may be incorrect. [C:\Users\julix\git\DDCA\lab_8\lab8_student_vivado\lab8_student_vivado\DataMemory.v:]
WARNING: [filemgmt 56-199] Attempt to get parsing info during refresh. "On-the-fly" syntax checking information may be incorrect. [C:\Users\julix\git\DDCA\lab_8\lab8_student_vivado\lab8_student_vivado\ALU.v:]
WARNING: [filemgmt 56-199] Attempt to get parsing info during refresh. "On-the-fly" syntax checking information may be incorrect. [C:\Users\julix\git\DDCA\lab_8\lab8_student_vivado\lab8_student_vivado\ControlUnit.v:]
WARNING: [filemgmt 56-199] Attempt to get parsing info during refresh. "On-the-fly" syntax checking information may be incorrect. [C:\Users\julix\git\DDCA\lab_8\lab8_student_vivado\lab8_student_vivado\InstructionMemory.v:]
WARNING: [filemgmt 56-199] Attempt to get parsing info during refresh. "On-the-fly" syntax checking information may be incorrect. [C:\Users\julix\git\DDCA\lab_8\lab8_student_vivado\lab8_student_vivado\MIPS.v:]
ERROR: [Common 17-180] Spawn failed: No error
WARNING: [filemgmt 56-199] Attempt to get parsing info during refresh. "On-the-fly" syntax checking information may be incorrect. [C:\Users\julix\git\DDCA\lab_8\lab8_student_vivado\lab8_student_vivado\DataMemory.v:]
WARNING: [filemgmt 56-199] Attempt to get parsing info during refresh. "On-the-fly" syntax checking information may be incorrect. [C:\Users\julix\git\DDCA\lab_8\lab8_student_vivado\lab8_student_vivado\ALU.v:]
WARNING: [filemgmt 56-199] Attempt to get parsing info during refresh. "On-the-fly" syntax checking information may be incorrect. [C:\Users\julix\git\DDCA\lab_8\lab8_student_vivado\lab8_student_vivado\ControlUnit.v:]
WARNING: [filemgmt 56-199] Attempt to get parsing info during refresh. "On-the-fly" syntax checking information may be incorrect. [C:\Users\julix\git\DDCA\lab_8\lab8_student_vivado\lab8_student_vivado\InstructionMemory.v:]
WARNING: [filemgmt 56-199] Attempt to get parsing info during refresh. "On-the-fly" syntax checking information may be incorrect. [C:\Users\julix\git\DDCA\lab_8\lab8_student_vivado\lab8_student_vivado\MIPS.v:]
ERROR: [Common 17-180] Spawn failed: No error
WARNING: [filemgmt 56-199] Attempt to get parsing info during refresh. "On-the-fly" syntax checking information may be incorrect. [C:\Users\julix\git\DDCA\lab_8\lab8_student_vivado\lab8_student_vivado\DataMemory.v:]
WARNING: [filemgmt 56-199] Attempt to get parsing info during refresh. "On-the-fly" syntax checking information may be incorrect. [C:\Users\julix\git\DDCA\lab_8\lab8_student_vivado\lab8_student_vivado\ALU.v:]
WARNING: [filemgmt 56-199] Attempt to get parsing info during refresh. "On-the-fly" syntax checking information may be incorrect. [C:\Users\julix\git\DDCA\lab_8\lab8_student_vivado\lab8_student_vivado\ControlUnit.v:]
WARNING: [filemgmt 56-199] Attempt to get parsing info during refresh. "On-the-fly" syntax checking information may be incorrect. [C:\Users\julix\git\DDCA\lab_8\lab8_student_vivado\lab8_student_vivado\InstructionMemory.v:]
WARNING: [filemgmt 56-199] Attempt to get parsing info during refresh. "On-the-fly" syntax checking information may be incorrect. [C:\Users\julix\git\DDCA\lab_8\lab8_student_vivado\lab8_student_vivado\MIPS.v:]
ERROR: [Common 17-180] Spawn failed: No error
WARNING: [filemgmt 56-199] Attempt to get parsing info during refresh. "On-the-fly" syntax checking information may be incorrect. [C:\Users\julix\git\DDCA\lab_8\lab8_student_vivado\lab8_student_vivado\DataMemory.v:]
WARNING: [filemgmt 56-199] Attempt to get parsing info during refresh. "On-the-fly" syntax checking information may be incorrect. [C:\Users\julix\git\DDCA\lab_8\lab8_student_vivado\lab8_student_vivado\ALU.v:]
WARNING: [filemgmt 56-199] Attempt to get parsing info during refresh. "On-the-fly" syntax checking information may be incorrect. [C:\Users\julix\git\DDCA\lab_8\lab8_student_vivado\lab8_student_vivado\ControlUnit.v:]
WARNING: [filemgmt 56-199] Attempt to get parsing info during refresh. "On-the-fly" syntax checking information may be incorrect. [C:\Users\julix\git\DDCA\lab_8\lab8_student_vivado\lab8_student_vivado\InstructionMemory.v:]
WARNING: [filemgmt 56-199] Attempt to get parsing info during refresh. "On-the-fly" syntax checking information may be incorrect. [C:\Users\julix\git\DDCA\lab_8\lab8_student_vivado\lab8_student_vivado\MIPS.v:]
ERROR: [Common 17-180] Spawn failed: No error
WARNING: [filemgmt 56-199] Attempt to get parsing info during refresh. "On-the-fly" syntax checking information may be incorrect. [C:\Users\julix\git\DDCA\lab_8\lab8_student_vivado\lab8_student_vivado\DataMemory.v:]
WARNING: [filemgmt 56-199] Attempt to get parsing info during refresh. "On-the-fly" syntax checking information may be incorrect. [C:\Users\julix\git\DDCA\lab_8\lab8_student_vivado\lab8_student_vivado\ALU.v:]
WARNING: [filemgmt 56-199] Attempt to get parsing info during refresh. "On-the-fly" syntax checking information may be incorrect. [C:\Users\julix\git\DDCA\lab_8\lab8_student_vivado\lab8_student_vivado\ControlUnit.v:]
WARNING: [filemgmt 56-199] Attempt to get parsing info during refresh. "On-the-fly" syntax checking information may be incorrect. [C:\Users\julix\git\DDCA\lab_8\lab8_student_vivado\lab8_student_vivado\InstructionMemory.v:]
WARNING: [filemgmt 56-199] Attempt to get parsing info during refresh. "On-the-fly" syntax checking information may be incorrect. [C:\Users\julix\git\DDCA\lab_8\lab8_student_vivado\lab8_student_vivado\MIPS.v:]
WARNING: [filemgmt 56-199] Attempt to get parsing info during refresh. "On-the-fly" syntax checking information may be incorrect. [C:\Users\julix\git\DDCA\lab_8\lab8_student_vivado\lab8_student_vivado\DataMemory.v:]
WARNING: [filemgmt 56-199] Attempt to get parsing info during refresh. "On-the-fly" syntax checking information may be incorrect. [C:\Users\julix\git\DDCA\lab_8\lab8_student_vivado\lab8_student_vivado\ALU.v:]
WARNING: [filemgmt 56-199] Attempt to get parsing info during refresh. "On-the-fly" syntax checking information may be incorrect. [C:\Users\julix\git\DDCA\lab_8\lab8_student_vivado\lab8_student_vivado\ControlUnit.v:]
WARNING: [filemgmt 56-199] Attempt to get parsing info during refresh. "On-the-fly" syntax checking information may be incorrect. [C:\Users\julix\git\DDCA\lab_8\lab8_student_vivado\lab8_student_vivado\InstructionMemory.v:]
WARNING: [filemgmt 56-199] Attempt to get parsing info during refresh. "On-the-fly" syntax checking information may be incorrect. [C:\Users\julix\git\DDCA\lab_8\lab8_student_vivado\lab8_student_vivado\MIPS.v:]
ERROR: [Common 17-180] Spawn failed: No error
WARNING: [filemgmt 56-199] Attempt to get parsing info during refresh. "On-the-fly" syntax checking information may be incorrect. [C:\Users\julix\git\DDCA\lab_8\lab8_student_vivado\lab8_student_vivado\DataMemory.v:]
WARNING: [filemgmt 56-199] Attempt to get parsing info during refresh. "On-the-fly" syntax checking information may be incorrect. [C:\Users\julix\git\DDCA\lab_8\lab8_student_vivado\lab8_student_vivado\ALU.v:]
WARNING: [filemgmt 56-199] Attempt to get parsing info during refresh. "On-the-fly" syntax checking information may be incorrect. [C:\Users\julix\git\DDCA\lab_8\lab8_student_vivado\lab8_student_vivado\ControlUnit.v:]
WARNING: [filemgmt 56-199] Attempt to get parsing info during refresh. "On-the-fly" syntax checking information may be incorrect. [C:\Users\julix\git\DDCA\lab_8\lab8_student_vivado\lab8_student_vivado\InstructionMemory.v:]
WARNING: [filemgmt 56-199] Attempt to get parsing info during refresh. "On-the-fly" syntax checking information may be incorrect. [C:\Users\julix\git\DDCA\lab_8\lab8_student_vivado\lab8_student_vivado\MIPS.v:]
ERROR: [Common 17-180] Spawn failed: No error
WARNING: [filemgmt 56-199] Attempt to get parsing info during refresh. "On-the-fly" syntax checking information may be incorrect. [C:\Users\julix\git\DDCA\lab_8\lab8_student_vivado\lab8_student_vivado\DataMemory.v:]
WARNING: [filemgmt 56-199] Attempt to get parsing info during refresh. "On-the-fly" syntax checking information may be incorrect. [C:\Users\julix\git\DDCA\lab_8\lab8_student_vivado\lab8_student_vivado\ALU.v:]
WARNING: [filemgmt 56-199] Attempt to get parsing info during refresh. "On-the-fly" syntax checking information may be incorrect. [C:\Users\julix\git\DDCA\lab_8\lab8_student_vivado\lab8_student_vivado\ControlUnit.v:]
WARNING: [filemgmt 56-199] Attempt to get parsing info during refresh. "On-the-fly" syntax checking information may be incorrect. [C:\Users\julix\git\DDCA\lab_8\lab8_student_vivado\lab8_student_vivado\InstructionMemory.v:]
WARNING: [filemgmt 56-199] Attempt to get parsing info during refresh. "On-the-fly" syntax checking information may be incorrect. [C:\Users\julix\git\DDCA\lab_8\lab8_student_vivado\lab8_student_vivado\MIPS.v:]
ERROR: [Common 17-180] Spawn failed: No error
WARNING: [filemgmt 56-199] Attempt to get parsing info during refresh. "On-the-fly" syntax checking information may be incorrect. [C:\Users\julix\git\DDCA\lab_8\lab8_student_vivado\lab8_student_vivado\DataMemory.v:]
WARNING: [filemgmt 56-199] Attempt to get parsing info during refresh. "On-the-fly" syntax checking information may be incorrect. [C:\Users\julix\git\DDCA\lab_8\lab8_student_vivado\lab8_student_vivado\ALU.v:]
WARNING: [filemgmt 56-199] Attempt to get parsing info during refresh. "On-the-fly" syntax checking information may be incorrect. [C:\Users\julix\git\DDCA\lab_8\lab8_student_vivado\lab8_student_vivado\ControlUnit.v:]
WARNING: [filemgmt 56-199] Attempt to get parsing info during refresh. "On-the-fly" syntax checking information may be incorrect. [C:\Users\julix\git\DDCA\lab_8\lab8_student_vivado\lab8_student_vivado\InstructionMemory.v:]
WARNING: [filemgmt 56-199] Attempt to get parsing info during refresh. "On-the-fly" syntax checking information may be incorrect. [C:\Users\julix\git\DDCA\lab_8\lab8_student_vivado\lab8_student_vivado\MIPS.v:]
WARNING: [filemgmt 56-199] Attempt to get parsing info during refresh. "On-the-fly" syntax checking information may be incorrect. [C:\Users\julix\git\DDCA\lab_8\lab8_student_vivado\lab8_student_vivado\DataMemory.v:]
WARNING: [filemgmt 56-199] Attempt to get parsing info during refresh. "On-the-fly" syntax checking information may be incorrect. [C:\Users\julix\git\DDCA\lab_8\lab8_student_vivado\lab8_student_vivado\ALU.v:]
WARNING: [filemgmt 56-199] Attempt to get parsing info during refresh. "On-the-fly" syntax checking information may be incorrect. [C:\Users\julix\git\DDCA\lab_8\lab8_student_vivado\lab8_student_vivado\ControlUnit.v:]
WARNING: [filemgmt 56-199] Attempt to get parsing info during refresh. "On-the-fly" syntax checking information may be incorrect. [C:\Users\julix\git\DDCA\lab_8\lab8_student_vivado\lab8_student_vivado\InstructionMemory.v:]
WARNING: [filemgmt 56-199] Attempt to get parsing info during refresh. "On-the-fly" syntax checking information may be incorrect. [C:\Users\julix\git\DDCA\lab_8\lab8_student_vivado\lab8_student_vivado\MIPS.v:]
ERROR: [Common 17-180] Spawn failed: No error
WARNING: [filemgmt 56-199] Attempt to get parsing info during refresh. "On-the-fly" syntax checking information may be incorrect. [C:\Users\julix\git\DDCA\lab_8\lab8_student_vivado\lab8_student_vivado\DataMemory.v:]
WARNING: [filemgmt 56-199] Attempt to get parsing info during refresh. "On-the-fly" syntax checking information may be incorrect. [C:\Users\julix\git\DDCA\lab_8\lab8_student_vivado\lab8_student_vivado\ALU.v:]
WARNING: [filemgmt 56-199] Attempt to get parsing info during refresh. "On-the-fly" syntax checking information may be incorrect. [C:\Users\julix\git\DDCA\lab_8\lab8_student_vivado\lab8_student_vivado\ControlUnit.v:]
WARNING: [filemgmt 56-199] Attempt to get parsing info during refresh. "On-the-fly" syntax checking information may be incorrect. [C:\Users\julix\git\DDCA\lab_8\lab8_student_vivado\lab8_student_vivado\InstructionMemory.v:]
WARNING: [filemgmt 56-199] Attempt to get parsing info during refresh. "On-the-fly" syntax checking information may be incorrect. [C:\Users\julix\git\DDCA\lab_8\lab8_student_vivado\lab8_student_vivado\MIPS.v:]
WARNING: [filemgmt 56-199] Attempt to get parsing info during refresh. "On-the-fly" syntax checking information may be incorrect. [C:\Users\julix\git\DDCA\lab_8\lab8_student_vivado\lab8_student_vivado\DataMemory.v:]
WARNING: [filemgmt 56-199] Attempt to get parsing info during refresh. "On-the-fly" syntax checking information may be incorrect. [C:\Users\julix\git\DDCA\lab_8\lab8_student_vivado\lab8_student_vivado\ALU.v:]
WARNING: [filemgmt 56-199] Attempt to get parsing info during refresh. "On-the-fly" syntax checking information may be incorrect. [C:\Users\julix\git\DDCA\lab_8\lab8_student_vivado\lab8_student_vivado\ControlUnit.v:]
WARNING: [filemgmt 56-199] Attempt to get parsing info during refresh. "On-the-fly" syntax checking information may be incorrect. [C:\Users\julix\git\DDCA\lab_8\lab8_student_vivado\lab8_student_vivado\InstructionMemory.v:]
WARNING: [filemgmt 56-199] Attempt to get parsing info during refresh. "On-the-fly" syntax checking information may be incorrect. [C:\Users\julix\git\DDCA\lab_8\lab8_student_vivado\lab8_student_vivado\MIPS.v:]
ERROR: [Common 17-180] Spawn failed: No error
WARNING: [filemgmt 56-199] Attempt to get parsing info during refresh. "On-the-fly" syntax checking information may be incorrect. [C:\Users\julix\git\DDCA\lab_8\lab8_student_vivado\lab8_student_vivado\DataMemory.v:]
WARNING: [filemgmt 56-199] Attempt to get parsing info during refresh. "On-the-fly" syntax checking information may be incorrect. [C:\Users\julix\git\DDCA\lab_8\lab8_student_vivado\lab8_student_vivado\ALU.v:]
WARNING: [filemgmt 56-199] Attempt to get parsing info during refresh. "On-the-fly" syntax checking information may be incorrect. [C:\Users\julix\git\DDCA\lab_8\lab8_student_vivado\lab8_student_vivado\ControlUnit.v:]
WARNING: [filemgmt 56-199] Attempt to get parsing info during refresh. "On-the-fly" syntax checking information may be incorrect. [C:\Users\julix\git\DDCA\lab_8\lab8_student_vivado\lab8_student_vivado\InstructionMemory.v:]
WARNING: [filemgmt 56-199] Attempt to get parsing info during refresh. "On-the-fly" syntax checking information may be incorrect. [C:\Users\julix\git\DDCA\lab_8\lab8_student_vivado\lab8_student_vivado\MIPS.v:]
INFO: [Common 17-14] Message 'filemgmt 56-199' appears 100 times and further instances of the messages will be disabled. Use the Tcl command set_msg_config to change the current settings.
ERROR: [Common 17-180] Spawn failed: No error
ERROR: [Common 17-180] Spawn failed: No error
ERROR: [Common 17-180] Spawn failed: No error
ERROR: [Common 17-180] Spawn failed: No error
ERROR: [Common 17-180] Spawn failed: No error
ERROR: [Common 17-180] Spawn failed: No error
ERROR: [Common 17-180] Spawn failed: No error
ERROR: [Common 17-180] Spawn failed: No error
ERROR: [Common 17-180] Spawn failed: No error
ERROR: [Common 17-180] Spawn failed: No error
ERROR: [Common 17-180] Spawn failed: No error
ERROR: [Common 17-180] Spawn failed: No error
ERROR: [Common 17-180] Spawn failed: No error
ERROR: [Common 17-180] Spawn failed: No error
ERROR: [Common 17-180] Spawn failed: No error
ERROR: [Common 17-180] Spawn failed: No error
ERROR: [Common 17-180] Spawn failed: No error
ERROR: [Common 17-180] Spawn failed: No error
ERROR: [Common 17-180] Spawn failed: No error
ERROR: [Common 17-180] Spawn failed: No error
ERROR: [Common 17-180] Spawn failed: No error
ERROR: [Common 17-180] Spawn failed: No error
ERROR: [Common 17-180] Spawn failed: No error
ERROR: [Common 17-180] Spawn failed: No error
ERROR: [Common 17-180] Spawn failed: No error
ERROR: [Common 17-180] Spawn failed: No error
ERROR: [Common 17-180] Spawn failed: No error
ERROR: [Common 17-180] Spawn failed: No error
ERROR: [Common 17-180] Spawn failed: No error
ERROR: [Common 17-180] Spawn failed: No error
ERROR: [Common 17-180] Spawn failed: No error
ERROR: [Common 17-180] Spawn failed: No error
ERROR: [Common 17-180] Spawn failed: No error
ERROR: [Common 17-180] Spawn failed: No error
ERROR: [Common 17-180] Spawn failed: No error
ERROR: [Common 17-180] Spawn failed: No error
ERROR: [Common 17-180] Spawn failed: No error
ERROR: [Common 17-180] Spawn failed: No error
ERROR: [Common 17-180] Spawn failed: No error
ERROR: [Common 17-180] Spawn failed: No error
ERROR: [Common 17-180] Spawn failed: No error
launch_runs impl_1 -to_step write_bitstream -jobs 8
[Fri May 28 01:05:42 2021] Launched synth_1...
Run output will be captured here: C:/Users/julix/git/DDCA/lab_8/lab8_student_vivado/lab8_student_vivado/lab8/lab8.runs/synth_1/runme.log
[Fri May 28 01:05:42 2021] Launched impl_1...
Run output will be captured here: C:/Users/julix/git/DDCA/lab_8/lab8_student_vivado/lab8_student_vivado/lab8/lab8.runs/impl_1/runme.log
reset_run synth_1
launch_runs impl_1 -to_step write_bitstream -jobs 8
[Fri May 28 01:08:22 2021] Launched synth_1...
Run output will be captured here: C:/Users/julix/git/DDCA/lab_8/lab8_student_vivado/lab8_student_vivado/lab8/lab8.runs/synth_1/runme.log
[Fri May 28 01:08:22 2021] Launched impl_1...
Run output will be captured here: C:/Users/julix/git/DDCA/lab_8/lab8_student_vivado/lab8_student_vivado/lab8/lab8.runs/impl_1/runme.log
reset_run synth_1
launch_runs impl_1 -to_step write_bitstream -jobs 8
[Fri May 28 01:09:55 2021] Launched synth_1...
Run output will be captured here: C:/Users/julix/git/DDCA/lab_8/lab8_student_vivado/lab8_student_vivado/lab8/lab8.runs/synth_1/runme.log
[Fri May 28 01:09:55 2021] Launched impl_1...
Run output will be captured here: C:/Users/julix/git/DDCA/lab_8/lab8_student_vivado/lab8_student_vivado/lab8/lab8.runs/impl_1/runme.log
open_hw_manager
connect_hw_server -allow_non_jtag
INFO: [Labtools 27-2285] Connecting to hw_server url TCP:localhost:3121
INFO: [Labtools 27-2222] Launching hw_server...
INFO: [Labtools 27-2221] Launch Output:

****** Xilinx hw_server v2020.2
  **** Build date : Nov 18 2020 at 10:01:48
    ** Copyright 1986-2020 Xilinx, Inc. All Rights Reserved.


INFO: [Labtools 27-3415] Connecting to cs_server url TCP:localhost:3042
INFO: [Labtools 27-3417] Launching cs_server...
INFO: [Labtools 27-2221] Launch Output:


******** Xilinx cs_server v2020.2
  ****** Build date   : Nov 03 2020-22:02:56
    **** Build number : 2020.2.1604437376
      ** Copyright 2017-2020 Xilinx, Inc. All Rights Reserved.



connect_hw_server: Time (s): cpu = 00:00:02 ; elapsed = 00:00:19 . Memory (MB): peak = 1015.914 ; gain = 0.000
open_hw_target
INFO: [Labtoolstcl 44-466] Opening hw_target localhost:3121/xilinx_tcf/Digilent/210183A37EE6A
open_hw_target: Time (s): cpu = 00:00:08 ; elapsed = 00:00:09 . Memory (MB): peak = 2388.242 ; gain = 1372.328
set_property PROGRAM.FILE {C:/Users/julix/git/DDCA/lab_8/lab8_student_vivado/lab8_student_vivado/lab8/lab8.runs/impl_1/top.bit} [get_hw_devices xc7a35t_0]
current_hw_device [get_hw_devices xc7a35t_0]
refresh_hw_device -update_hw_probes false [lindex [get_hw_devices xc7a35t_0] 0]
INFO: [Labtools 27-1434] Device xc7a35t (JTAG device index = 0) is programmed with a design that has no supported debug core(s) in it.
set_property PROBES.FILE {} [get_hw_devices xc7a35t_0]
set_property FULL_PROBES.FILE {} [get_hw_devices xc7a35t_0]
set_property PROGRAM.FILE {C:/Users/julix/git/DDCA/lab_8/lab8_student_vivado/lab8_student_vivado/lab8/lab8.runs/impl_1/top.bit} [get_hw_devices xc7a35t_0]
program_hw_devices [get_hw_devices xc7a35t_0]
INFO: [Labtools 27-3164] End of startup status: HIGH
refresh_hw_device [lindex [get_hw_devices xc7a35t_0] 0]
INFO: [Labtools 27-1434] Device xc7a35t (JTAG device index = 0) is programmed with a design that has no supported debug core(s) in it.
reset_run synth_1
launch_runs impl_1 -to_step write_bitstream -jobs 8
[Fri May 28 01:17:48 2021] Launched synth_1...
Run output will be captured here: C:/Users/julix/git/DDCA/lab_8/lab8_student_vivado/lab8_student_vivado/lab8/lab8.runs/synth_1/runme.log
[Fri May 28 01:17:48 2021] Launched impl_1...
Run output will be captured here: C:/Users/julix/git/DDCA/lab_8/lab8_student_vivado/lab8_student_vivado/lab8/lab8.runs/impl_1/runme.log
set_property PROBES.FILE {} [get_hw_devices xc7a35t_0]
set_property FULL_PROBES.FILE {} [get_hw_devices xc7a35t_0]
set_property PROGRAM.FILE {C:/Users/julix/git/DDCA/lab_8/lab8_student_vivado/lab8_student_vivado/lab8/lab8.runs/impl_1/top.bit} [get_hw_devices xc7a35t_0]
program_hw_devices [get_hw_devices xc7a35t_0]
INFO: [Labtools 27-3164] End of startup status: HIGH
refresh_hw_device [lindex [get_hw_devices xc7a35t_0] 0]
INFO: [Labtools 27-1434] Device xc7a35t (JTAG device index = 0) is programmed with a design that has no supported debug core(s) in it.
reset_run synth_1
launch_runs impl_1 -to_step write_bitstream -jobs 8
[Fri May 28 01:22:08 2021] Launched synth_1...
Run output will be captured here: C:/Users/julix/git/DDCA/lab_8/lab8_student_vivado/lab8_student_vivado/lab8/lab8.runs/synth_1/runme.log
[Fri May 28 01:22:09 2021] Launched impl_1...
Run output will be captured here: C:/Users/julix/git/DDCA/lab_8/lab8_student_vivado/lab8_student_vivado/lab8/lab8.runs/impl_1/runme.log
set_property PROBES.FILE {} [get_hw_devices xc7a35t_0]
set_property FULL_PROBES.FILE {} [get_hw_devices xc7a35t_0]
set_property PROGRAM.FILE {C:/Users/julix/git/DDCA/lab_8/lab8_student_vivado/lab8_student_vivado/lab8/lab8.runs/impl_1/top.bit} [get_hw_devices xc7a35t_0]
program_hw_devices [get_hw_devices xc7a35t_0]
INFO: [Labtools 27-3164] End of startup status: HIGH
refresh_hw_device [lindex [get_hw_devices xc7a35t_0] 0]
INFO: [Labtools 27-1434] Device xc7a35t (JTAG device index = 0) is programmed with a design that has no supported debug core(s) in it.
reset_run synth_1
launch_runs synth_1 -jobs 8
[Fri May 28 01:48:47 2021] Launched synth_1...
Run output will be captured here: C:/Users/julix/git/DDCA/lab_8/lab8_student_vivado/lab8_student_vivado/lab8/lab8.runs/synth_1/runme.log
launch_runs impl_1 -to_step write_bitstream -jobs 8
[Fri May 28 02:08:49 2021] Launched impl_1...
Run output will be captured here: C:/Users/julix/git/DDCA/lab_8/lab8_student_vivado/lab8_student_vivado/lab8/lab8.runs/impl_1/runme.log
reset_run impl_1
reset_run synth_1
launch_runs synth_1 -jobs 8
[Fri May 28 02:09:25 2021] Launched synth_1...
Run output will be captured here: C:/Users/julix/git/DDCA/lab_8/lab8_student_vivado/lab8_student_vivado/lab8/lab8.runs/synth_1/runme.log
launch_runs impl_1 -to_step write_bitstream -jobs 8
[Fri May 28 02:14:14 2021] Launched impl_1...
Run output will be captured here: C:/Users/julix/git/DDCA/lab_8/lab8_student_vivado/lab8_student_vivado/lab8/lab8.runs/impl_1/runme.log
set_property PROBES.FILE {} [get_hw_devices xc7a35t_0]
set_property FULL_PROBES.FILE {} [get_hw_devices xc7a35t_0]
set_property PROGRAM.FILE {C:/Users/julix/git/DDCA/lab_8/lab8_student_vivado/lab8_student_vivado/lab8/lab8.runs/impl_1/top.bit} [get_hw_devices xc7a35t_0]
program_hw_devices [get_hw_devices xc7a35t_0]
INFO: [Labtools 27-3164] End of startup status: HIGH
refresh_hw_device [lindex [get_hw_devices xc7a35t_0] 0]
INFO: [Labtools 27-1434] Device xc7a35t (JTAG device index = 0) is programmed with a design that has no supported debug core(s) in it.
exit
INFO: [Common 17-206] Exiting Vivado at Fri May 28 02:18:38 2021...
