Vivado Simulator 2020.2
Copyright 1986-1999, 2001-2020 Xilinx, Inc. All Rights Reserved.
Running: D:/Xilinx/Vivado/2020.2/bin/unwrapped/win64.o/xelab.exe -wto 7e17bd2c72234a3a8aac19d19ed497ee --incr --debug typical --relax --mt 2 -L xil_defaultlib -L unisims_ver -L unimacro_ver -L secureip --snapshot MIPS_test_behav xil_defaultlib.MIPS_test xil_defaultlib.glbl -log elaborate.log 
Using 2 slave threads.
Starting static elaboration
Pass Through NonSizing Optimizer
Completed static elaboration
Starting simulation data flow analysis
Completed simulation data flow analysis
Time Resolution for simulation is 1ps
Compiling module xil_defaultlib.InstructionMemory
Compiling module unisims_ver.GND
Compiling module unisims_ver.RAM32X1D
Compiling module unisims_ver.x_lut3_mux8
Compiling module unisims_ver.LUT3
Compiling module unisims_ver.FDRE_default
Compiling module unisims_ver.x_lut2_mux4
Compiling module unisims_ver.LUT2
Compiling module unisims_ver.VCC
Compiling module xil_defaultlib.reg_half_dist_mem_gen_v4_1_xst_1
Compiling module xil_defaultlib.reg_half
Compiling module xil_defaultlib.RegisterFile
Compiling module xil_defaultlib.ALU
Compiling module xil_defaultlib.DataMemory
Compiling module xil_defaultlib.ControlUnit
Compiling module xil_defaultlib.MIPS
Compiling module xil_defaultlib.MIPS_test
Compiling module xil_defaultlib.glbl
Built simulation snapshot MIPS_test_behav
